Determining if the pthread_create exist failed with the following output:
Change Dir: /home/sky1/Desktop/rslidar_perception_ws_0106_V1/build/CMakeFiles/CMakeTmp

Run Build Command:"/usr/bin/make" "cmTC_346bd/fast"
/usr/bin/make -f CMakeFiles/cmTC_346bd.dir/build.make CMakeFiles/cmTC_346bd.dir/build
make[1]: Entering directory '/home/sky1/Desktop/rslidar_perception_ws_0106_V1/build/CMakeFiles/CMakeTmp'
Building C object CMakeFiles/cmTC_346bd.dir/CheckSymbolExists.c.o
/usr/bin/cc     -o CMakeFiles/cmTC_346bd.dir/CheckSymbolExists.c.o   -c /home/sky1/Desktop/rslidar_perception_ws_0106_V1/build/CMakeFiles/CMakeTmp/CheckSymbolExists.c
Linking C executable cmTC_346bd
/usr/bin/cmake -E cmake_link_script CMakeFiles/cmTC_346bd.dir/link.txt --verbose=1
/usr/bin/cc       CMakeFiles/cmTC_346bd.dir/CheckSymbolExists.c.o  -o cmTC_346bd -rdynamic 
CMakeFiles/cmTC_346bd.dir/CheckSymbolExists.c.o: In function `main':
CheckSymbolExists.c:(.text+0x16): undefined reference to `pthread_create'
collect2: error: ld returned 1 exit status
CMakeFiles/cmTC_346bd.dir/build.make:97: recipe for target 'cmTC_346bd' failed
make[1]: *** [cmTC_346bd] Error 1
make[1]: Leaving directory '/home/sky1/Desktop/rslidar_perception_ws_0106_V1/build/CMakeFiles/CMakeTmp'
Makefile:126: recipe for target 'cmTC_346bd/fast' failed
make: *** [cmTC_346bd/fast] Error 2

File /home/sky1/Desktop/rslidar_perception_ws_0106_V1/build/CMakeFiles/CMakeTmp/CheckSymbolExists.c:
/* */
#include <pthread.h>

int main(int argc, char** argv)
{
  (void)argv;
#ifndef pthread_create
  return ((int*)(&pthread_create))[argc];
#else
  (void)argc;
  return 0;
#endif
}

Determining if the function pthread_create exists in the pthreads failed with the following output:
Change Dir: /home/sky1/Desktop/rslidar_perception_ws_0106_V1/build/CMakeFiles/CMakeTmp

Run Build Command:"/usr/bin/make" "cmTC_9b8a6/fast"
/usr/bin/make -f CMakeFiles/cmTC_9b8a6.dir/build.make CMakeFiles/cmTC_9b8a6.dir/build
make[1]: Entering directory '/home/sky1/Desktop/rslidar_perception_ws_0106_V1/build/CMakeFiles/CMakeTmp'
Building C object CMakeFiles/cmTC_9b8a6.dir/CheckFunctionExists.c.o
/usr/bin/cc    -DCHECK_FUNCTION_EXISTS=pthread_create   -o CMakeFiles/cmTC_9b8a6.dir/CheckFunctionExists.c.o   -c /usr/share/cmake-3.5/Modules/CheckFunctionExists.c
Linking C executable cmTC_9b8a6
/usr/bin/cmake -E cmake_link_script CMakeFiles/cmTC_9b8a6.dir/link.txt --verbose=1
/usr/bin/cc   -DCHECK_FUNCTION_EXISTS=pthread_create    CMakeFiles/cmTC_9b8a6.dir/CheckFunctionExists.c.o  -o cmTC_9b8a6 -rdynamic -lpthreads 
/usr/bin/ld: cannot find -lpthreads
collect2: error: ld returned 1 exit status
CMakeFiles/cmTC_9b8a6.dir/build.make:97: recipe for target 'cmTC_9b8a6' failed
make[1]: *** [cmTC_9b8a6] Error 1
make[1]: Leaving directory '/home/sky1/Desktop/rslidar_perception_ws_0106_V1/build/CMakeFiles/CMakeTmp'
Makefile:126: recipe for target 'cmTC_9b8a6/fast' failed
make: *** [cmTC_9b8a6/fast] Error 2


